<?xml version="1.0" encoding="UTF-8"?>
<!-- Generated by org.testng.reporters.JUnitReportReporter -->
<testsuite hostname="d01tmc002" name="example.ContractPage" tests="1" failures="0" timestamp="28 May 2018 09:49:11 GMT" time="156.028" errors="0">
  <testcase name="f" time="156.028" classname="example.ContractPage"/>
</testsuite> <!-- example.ContractPage -->
