<?xml version="1.0" encoding="UTF-8"?>
<!-- Generated by org.testng.reporters.JUnitReportReporter -->
<testsuite hostname="d01tmc002" name="WebdriverTest.WebdriverTest.link" tests="1" failures="0" timestamp="13 Jun 2018 05:53:57 GMT" time="12.364" errors="0">
  <testcase name="methodName" time="12.364" classname="WebdriverTest.WebdriverTest.link"/>
</testsuite> <!-- WebdriverTest.WebdriverTest.link -->
