<?xml version="1.0" encoding="UTF-8"?>
<!-- Generated by org.testng.reporters.JUnitReportReporter -->
<testsuite hostname="d01tmc002" name="example.Test2" tests="1" failures="0" timestamp="30 May 2018 09:18:26 GMT" time="22.010" errors="0">
  <testcase name="f" time="22.010" classname="example.Test2"/>
</testsuite> <!-- example.Test2 -->
