<?xml version="1.0" encoding="UTF-8"?>
<!-- Generated by org.testng.reporters.JUnitReportReporter -->
<testsuite hostname="d01tmc002" name="example.NewTest" tests="1" failures="0" timestamp="25 May 2018 10:19:52 GMT" time="139.887" errors="0">
  <testcase name="f" time="139.887" classname="example.NewTest"/>
</testsuite> <!-- example.NewTest -->
